# JRE version: OpenJDK Runtime Environment AdoptOpenJDK (11.0.10+9) (build 11.0.10+9)
# Java VM: OpenJDK 64-Bit Server VM AdoptOpenJDK (11.0.10+9, mixed mode, tiered, compressed oops, g1 gc, windows-amd64)
Heap:
 garbage-first heap   total 129024K, used 47879K [0x0000000083400000, 0x0000000100000000)
  region size 1024K, 47 young (48128K), 1 survivors (1024K)
 Metaspace       used 8948K, capacity 9150K, committed 9472K, reserved 1058816K
  class space    used 851K, capacity 945K, committed 1024K, reserved 1048576K
GC Heap History (20 events):
Event: 153.017 GC heap before
{Heap before GC invocations=13 (full 0):
 garbage-first heap   total 129024K, used 76408K [0x0000000083400000, 0x0000000100000000)
  region size 1024K, 75 young (76800K), 2 survivors (2048K)
 Metaspace       used 8947K, capacity 9150K, committed 9472K, reserved 1058816K
  class space    used 851K, capacity 945K, committed 1024K, reserved 1048576K
}
Event: 153.022 GC heap after
{Heap after GC invocations=14 (full 0):
 garbage-first heap   total 129024K, used 1655K [0x0000000083400000, 0x0000000100000000)
  region size 1024K, 2 young (2048K), 2 survivors (2048K)
 Metaspace       used 8947K, capacity 9150K, committed 9472K, reserved 1058816K
  class space    used 851K, capacity 945K, committed 1024K, reserved 1048576K
}
Event: 161.118 GC heap before
{Heap before GC invocations=14 (full 0):
 garbage-first heap   total 129024K, used 76407K [0x0000000083400000, 0x0000000100000000)
  region size 1024K, 75 young (76800K), 2 survivors (2048K)
 Metaspace       used 8947K, capacity 9150K, committed 9472K, reserved 1058816K
  class space    used 851K, capacity 945K, committed 1024K, reserved 1048576K
}
Event: 161.122 GC heap after
{Heap after GC invocations=15 (full 0):
 garbage-first heap   total 129024K, used 1726K [0x0000000083400000, 0x0000000100000000)
  region size 1024K, 2 young (2048K), 2 survivors (2048K)
 Metaspace       used 8947K, capacity 9150K, committed 9472K, reserved 1058816K
  class space    used 851K, capacity 945K, committed 1024K, reserved 1048576K
}
Event: 173.416 GC heap before
{Heap before GC invocations=15 (full 0):
 garbage-first heap   total 129024K, used 76478K [0x0000000083400000, 0x0000000100000000)
  region size 1024K, 75 young (76800K), 2 survivors (2048K)
 Metaspace       used 8947K, capacity 9150K, committed 9472K, reserved 1058816K
  class space    used 851K, capacity 945K, committed 1024K, reserved 1048576K
}
Event: 173.418 GC heap after
{Heap after GC invocations=16 (full 0):
 garbage-first heap   total 129024K, used 1874K [0x0000000083400000, 0x0000000100000000)
  region size 1024K, 1 young (1024K), 1 survivors (1024K)
 Metaspace       used 8947K, capacity 9150K, committed 9472K, reserved 1058816K
  class space    used 851K, capacity 945K, committed 1024K, reserved 1048576K
}
Event: 181.197 GC heap before
{Heap before GC invocations=16 (full 0):
 garbage-first heap   total 129024K, used 77650K [0x0000000083400000, 0x0000000100000000)
  region size 1024K, 75 young (76800K), 1 survivors (1024K)
 Metaspace       used 8947K, capacity 9150K, committed 9472K, reserved 1058816K
  class space    used 851K, capacity 945K, committed 1024K, reserved 1048576K
}
Event: 181.203 GC heap after
{Heap after GC invocations=17 (full 0):
 garbage-first heap   total 129024K, used 1770K [0x0000000083400000, 0x0000000100000000)
  region size 1024K, 1 young (1024K), 1 survivors (1024K)
 Metaspace       used 8947K, capacity 9150K, committed 9472K, reserved 1058816K
  class space    used 851K, capacity 945K, committed 1024K, reserved 1048576K
}
Event: 198.078 GC heap before
{Heap before GC invocations=17 (full 0):
 garbage-first heap   total 129024K, used 77546K [0x0000000083400000, 0x0000000100000000)
  region size 1024K, 75 young (76800K), 1 survivors (1024K)
 Metaspace       used 8947K, capacity 9150K, committed 9472K, reserved 1058816K
  class space    used 851K, capacity 945K, committed 1024K, reserved 1048576K
}
Event: 198.080 GC heap after
{Heap after GC invocations=18 (full 0):
 garbage-first heap   total 129024K, used 1788K [0x0000000083400000, 0x0000000100000000)
  region size 1024K, 1 young (1024K), 1 survivors (1024K)
 Metaspace       used 8947K, capacity 9150K, committed 9472K, reserved 1058816K
  class space    used 851K, capacity 945K, committed 1024K, reserved 1048576K
}
Event: 206.037 GC heap before
{Heap before GC invocations=18 (full 0):
 garbage-first heap   total 129024K, used 77564K [0x0000000083400000, 0x0000000100000000)
  region size 1024K, 75 young (76800K), 1 survivors (1024K)
 Metaspace       used 8947K, capacity 9150K, committed 9472K, reserved 1058816K
  class space    used 851K, capacity 945K, committed 1024K, reserved 1048576K
}
Event: 206.039 GC heap after
{Heap after GC invocations=19 (full 0):
 garbage-first heap   total 129024K, used 1789K [0x0000000083400000, 0x0000000100000000)
  region size 1024K, 1 young (1024K), 1 survivors (1024K)
 Metaspace       used 8947K, capacity 9150K, committed 9472K, reserved 1058816K
  class space    used 851K, capacity 945K, committed 1024K, reserved 1048576K
}
Event: 213.637 GC heap before
{Heap before GC invocations=19 (full 0):
 garbage-first heap   total 129024K, used 77565K [0x0000000083400000, 0x0000000100000000)
  region size 1024K, 75 young (76800K), 1 survivors (1024K)
 Metaspace       used 8947K, capacity 9150K, committed 9472K, reserved 1058816K
  class space    used 851K, capacity 945K, committed 1024K, reserved 1048576K
}
Event: 213.638 GC heap after
{Heap after GC invocations=20 (full 0):
 garbage-first heap   total 129024K, used 1790K [0x0000000083400000, 0x0000000100000000)
  region size 1024K, 1 young (1024K), 1 survivors (1024K)
 Metaspace       used 8947K, capacity 9150K, committed 9472K, reserved 1058816K
  class space    used 851K, capacity 945K, committed 1024K, reserved 1048576K
}
Event: 221.177 GC heap before
{Heap before GC invocations=20 (full 0):
 garbage-first heap   total 129024K, used 77566K [0x0000000083400000, 0x0000000100000000)
  region size 1024K, 75 young (76800K), 1 survivors (1024K)
 Metaspace       used 8947K, capacity 9150K, committed 9472K, reserved 1058816K
  class space    used 851K, capacity 945K, committed 1024K, reserved 1048576K
}
Event: 221.178 GC heap after
{Heap after GC invocations=21 (full 0):
 garbage-first heap   total 129024K, used 1792K [0x0000000083400000, 0x0000000100000000)
  region size 1024K, 1 young (1024K), 1 survivors (1024K)
 Metaspace       used 8947K, capacity 9150K, committed 9472K, reserved 1058816K
  class space    used 851K, capacity 945K, committed 1024K, reserved 1048576K
}
Event: 229.760 GC heap before
{Heap before GC invocations=21 (full 0):
 garbage-first heap   total 129024K, used 77568K [0x0000000083400000, 0x0000000100000000)
  region size 1024K, 75 young (76800K), 1 survivors (1024K)
 Metaspace       used 8947K, capacity 9150K, committed 9472K, reserved 1058816K
  class space    used 851K, capacity 945K, committed 1024K, reserved 1048576K
}
Event: 229.762 GC heap after
{Heap after GC invocations=22 (full 0):
 garbage-first heap   total 129024K, used 1796K [0x0000000083400000, 0x0000000100000000)
  region size 1024K, 1 young (1024K), 1 survivors (1024K)
 Metaspace       used 8947K, capacity 9150K, committed 9472K, reserved 1058816K
  class space    used 851K, capacity 945K, committed 1024K, reserved 1048576K
}
Event: 240.417 GC heap before
{Heap before GC invocations=22 (full 0):
 garbage-first heap   total 129024K, used 77572K [0x0000000083400000, 0x0000000100000000)
  region size 1024K, 75 young (76800K), 1 survivors (1024K)
 Metaspace       used 8948K, capacity 9150K, committed 9472K, reserved 1058816K
  class space    used 851K, capacity 945K, committed 1024K, reserved 1048576K
}
Event: 240.418 GC heap after
{Heap after GC invocations=23 (full 0):
 garbage-first heap   total 129024K, used 1799K [0x0000000083400000, 0x0000000100000000)
  region size 1024K, 1 young (1024K), 1 survivors (1024K)
 Metaspace       used 8948K, capacity 9150K, committed 9472K, reserved 1058816K
  class space    used 851K, capacity 945K, committed 1024K, reserved 1048576K
}

